 * Tip: There are .env or .flaskenv files present. Do "pip install python-dotenv" to use them.
✅ ZipForm AI functions loaded successfully
✅ Offer Creation AI functions loaded successfully
✅ MLS data loaded: 5 listings from Listing.csv
✅ ZipForm AI functions integrated with chatbot
✅ Offer Creation AI functions integrated with chatbot
 * Serving Flask app 'real_estate_crm'
 * Debug mode: on
[31m[1mWARNING: This is a development server. Do not use it in a production deployment. Use a production WSGI server instead.[0m
 * Running on all addresses (0.0.0.0)
 * Running on http://127.0.0.1:5001
 * Running on http://172.22.206.209:5001
[33mPress CTRL+C to quit[0m
 * Restarting with stat
 * Tip: There are .env or .flaskenv files present. Do "pip install python-dotenv" to use them.
 * Debugger is active!
 * Debugger PIN: 899-757-416
✅ ZipForm AI functions loaded successfully
✅ Offer Creation AI functions loaded successfully
✅ MLS data loaded: 5 listings from Listing.csv
✅ ZipForm AI functions integrated with chatbot
✅ Offer Creation AI functions integrated with chatbot
